#
# There is insufficient memory for the Java Runtime Environment to continue.
# Native memory allocation (malloc) failed to allocate 1597216 bytes. Error detail: Chunk::new
# Possible reasons:
#   The system is out of physical RAM or swap space
#   This process is running with CompressedOops enabled, and the Java Heap may be blocking the growth of the native heap
# Possible solutions:
#   Reduce memory load on the system
#   Increase physical memory or swap space
#   Check if swap backing store is full
#   Decrease Java heap size (-Xmx/-Xms)
#   Decrease number of Java threads
#   Decrease Java thread stack sizes (-Xss)
#   Set larger code cache with -XX:ReservedCodeCacheSize=
#   JVM is running with Unscaled Compressed Oops mode in which the Java heap is
#     placed in the first 4GB address space. The Java Heap base address is the
#     maximum limit for the native heap growth. Please use -XX:HeapBaseMinAddress
#     to set the Java Heap base and to place the Java Heap above 4GB virtual address.
# This output file may be truncated or incomplete.
#
#  Out of Memory Error (arena.cpp:168), pid=30016, tid=17264
#
# JRE version: OpenJDK Runtime Environment (21.0.8) (build 21.0.8+-14196175-b1038.72)
# Java VM: OpenJDK 64-Bit Server VM (21.0.8+-14196175-b1038.72, mixed mode, tiered, compressed oops, compressed class ptrs, g1 gc, windows-amd64)
# No core dump will be written. Minidumps are not enabled by default on client versions of Windows
#

---------------  S U M M A R Y ------------

Command Line: --add-opens=java.base/java.lang=ALL-UNNAMED --add-opens=java.base/java.lang.invoke=ALL-UNNAMED --add-opens=java.base/java.util=ALL-UNNAMED --add-opens=java.prefs/java.util.prefs=ALL-UNNAMED --add-exports=jdk.compiler/com.sun.tools.javac.api=ALL-UNNAMED --add-exports=jdk.compiler/com.sun.tools.javac.util=ALL-UNNAMED --add-opens=java.base/java.util=ALL-UNNAMED --add-opens=java.prefs/java.util.prefs=ALL-UNNAMED --add-opens=java.base/java.nio.charset=ALL-UNNAMED --add-opens=java.base/java.net=ALL-UNNAMED --add-opens=java.base/java.util.concurrent=ALL-UNNAMED --add-opens=java.base/java.util.concurrent.atomic=ALL-UNNAMED --add-opens=java.xml/javax.xml.namespace=ALL-UNNAMED --add-opens=java.base/java.time=ALL-UNNAMED -Xmx2048m -Dfile.encoding=UTF-8 -Duser.country=US -Duser.language=en -Duser.variant -javaagent:C:\Users\Admin\.gradle\wrapper\dists\gradle-9.2.1-bin\2t0n5ozlw9xmuyvbp7dnzaxug\gradle-9.2.1\lib\agents\gradle-instrumentation-agent-9.2.1.jar org.gradle.launcher.daemon.bootstrap.GradleDaemon 9.2.1

Host: AMD Ryzen 7 7840H w/ Radeon 780M Graphics      , 16 cores, 15G,  Windows 11 , 64 bit Build 26100 (10.0.26100.8328)
Time: Thu May 14 22:26:43 2026 SE Asia Standard Time elapsed time: 6.455563 seconds (0d 0h 0m 6s)

---------------  T H R E A D  ---------------

Current thread (0x0000023cd8b811d0):  JavaThread "C2 CompilerThread0" daemon [_thread_in_native, id=17264, stack(0x0000004072600000,0x0000004072700000) (1024K)]


Current CompileTask:
C2:6455 6537   !   4       java.net.URLClassLoader::findClass (47 bytes)

Stack: [0x0000004072600000,0x0000004072700000]
Native frames: (J=compiled Java code, j=interpreted, Vv=VM code, C=native code)
V  [jvm.dll+0x6d68d9]
V  [jvm.dll+0x866693]
V  [jvm.dll+0x868c4e]
V  [jvm.dll+0x869333]
V  [jvm.dll+0x280566]
V  [jvm.dll+0xc07cd]
V  [jvm.dll+0xc0d03]
V  [jvm.dll+0x3b961b]
V  [jvm.dll+0x1dfb24]
V  [jvm.dll+0x2493a4]
V  [jvm.dll+0x248821]
V  [jvm.dll+0x1c73a4]
V  [jvm.dll+0x257f9e]
V  [jvm.dll+0x2564e6]
V  [jvm.dll+0x3f4696]
V  [jvm.dll+0x80eac8]
V  [jvm.dll+0x6d512d]
C  [ucrtbase.dll+0x37b0]
C  [KERNEL32.DLL+0x2e957]
C  [ntdll.dll+0x427c]


---------------  P R O C E S S  ---------------

Threads class SMR info:
_java_thread_list=0x0000023cdf417d90, length=63, elements={
0x0000023cbe3d8b00, 0x0000023cd8b2dcc0, 0x0000023cd8b30160, 0x0000023cd8b307d0,
0x0000023cd8b76d20, 0x0000023cd8b7b3a0, 0x0000023cd8b7ba10, 0x0000023cd8b7c820,
0x0000023cd8b811d0, 0x0000023cd8b84160, 0x0000023cd8d39f20, 0x0000023cd8d3a5d0,
0x0000023cdd194d40, 0x0000023cde0a49a0, 0x0000023cdeb2db20, 0x0000023cdebe3700,
0x0000023cdf020010, 0x0000023cdecff730, 0x0000023cdeec1ff0, 0x0000023cdecf84d0,
0x0000023cdec5ace0, 0x0000023cdec5d440, 0x0000023cdec5cdb0, 0x0000023cdec5e160,
0x0000023cdec5dad0, 0x0000023cdec5b370, 0x0000023cdec5ba00, 0x0000023cde0a7280,
0x0000023cdf4574b0, 0x0000023cdf455a70, 0x0000023cdf454d50, 0x0000023cdf456790,
0x0000023cdf456100, 0x0000023cdf4553e0, 0x0000023cdf454030, 0x0000023cdf459580,
0x0000023cdf459c10, 0x0000023cdf456e20, 0x0000023cdf45a2a0, 0x0000023cdf45a930,
0x0000023cdf458860, 0x0000023cdf45afc0, 0x0000023cdf45b650, 0x0000023cdf458ef0,
0x0000023cdf4581d0, 0x0000023cdf419f60, 0x0000023cdf41b9a0, 0x0000023cdf4198d0,
0x0000023cdf41a5f0, 0x0000023cdf41b310, 0x0000023cdf418520, 0x0000023cdf41ac80,
0x0000023cdf41c030, 0x0000023cdf418bb0, 0x0000023cdf41c6c0, 0x0000023cdf419240,
0x0000023cdf41e100, 0x0000023cdf41fb40, 0x0000023cdf41ee20, 0x0000023cdf41f4b0,
0x0000023cdf41d3e0, 0x0000023cdf41cd50, 0x0000023cde0a7950
}

Java Threads: ( => current thread )
  0x0000023cbe3d8b00 JavaThread "main"                              [_thread_blocked, id=30580, stack(0x0000004071700000,0x0000004071800000) (1024K)]
  0x0000023cd8b2dcc0 JavaThread "Common-Cleaner"             daemon [_thread_blocked, id=29780, stack(0x0000004071f00000,0x0000004072000000) (1024K)]
  0x0000023cd8b30160 JavaThread "Reference Handler"          daemon [_thread_blocked, id=29496, stack(0x0000004072000000,0x0000004072100000) (1024K)]
  0x0000023cd8b307d0 JavaThread "Finalizer"                  daemon [_thread_blocked, id=29564, stack(0x0000004072100000,0x0000004072200000) (1024K)]
  0x0000023cd8b76d20 JavaThread "Signal Dispatcher"          daemon [_thread_blocked, id=28852, stack(0x0000004072200000,0x0000004072300000) (1024K)]
  0x0000023cd8b7b3a0 JavaThread "Attach Listener"            daemon [_thread_blocked, id=14180, stack(0x0000004072300000,0x0000004072400000) (1024K)]
  0x0000023cd8b7ba10 JavaThread "Service Thread"             daemon [_thread_blocked, id=14536, stack(0x0000004072400000,0x0000004072500000) (1024K)]
  0x0000023cd8b7c820 JavaThread "Monitor Deflation Thread"   daemon [_thread_blocked, id=28848, stack(0x0000004072500000,0x0000004072600000) (1024K)]
=>0x0000023cd8b811d0 JavaThread "C2 CompilerThread0"         daemon [_thread_in_native, id=17264, stack(0x0000004072600000,0x0000004072700000) (1024K)]
  0x0000023cd8b84160 JavaThread "C1 CompilerThread0"         daemon [_thread_blocked, id=3376, stack(0x0000004072700000,0x0000004072800000) (1024K)]
  0x0000023cd8d39f20 JavaThread "C1 CompilerThread1"         daemon [_thread_blocked, id=24728, stack(0x0000004072800000,0x0000004072900000) (1024K)]
  0x0000023cd8d3a5d0 JavaThread "C1 CompilerThread2"         daemon [_thread_blocked, id=30000, stack(0x0000004072900000,0x0000004072a00000) (1024K)]
  0x0000023cdd194d40 JavaThread "Notification Thread"        daemon [_thread_blocked, id=18100, stack(0x0000004072a00000,0x0000004072b00000) (1024K)]
  0x0000023cde0a49a0 JavaThread "C1 CompilerThread3"         daemon [_thread_blocked, id=5268, stack(0x0000004073200000,0x0000004073300000) (1024K)]
  0x0000023cdeb2db20 JavaThread "Daemon health stats"               [_thread_blocked, id=27988, stack(0x0000004072c00000,0x0000004072d00000) (1024K)]
  0x0000023cdebe3700 JavaThread "Incoming local TCP Connector on port 52325"        [_thread_in_native, id=17700, stack(0x0000004073100000,0x0000004073200000) (1024K)]
  0x0000023cdf020010 JavaThread "Daemon periodic checks"            [_thread_blocked, id=14596, stack(0x0000004073300000,0x0000004073400000) (1024K)]
  0x0000023cdecff730 JavaThread "Daemon"                            [_thread_blocked, id=17604, stack(0x0000004073400000,0x0000004073500000) (1024K)]
  0x0000023cdeec1ff0 JavaThread "Handler for socket connection from /127.0.0.1:52325 to /127.0.0.1:52326"        [_thread_in_native, id=29764, stack(0x0000004073500000,0x0000004073600000) (1024K)]
  0x0000023cdecf84d0 JavaThread "Cancel handler"                    [_thread_blocked, id=24808, stack(0x0000004073600000,0x0000004073700000) (1024K)]
  0x0000023cdec5ace0 JavaThread "Daemon worker"                     [_thread_in_vm, id=16696, stack(0x0000004073700000,0x0000004073800000) (1024K)]
  0x0000023cdec5d440 JavaThread "Asynchronous log dispatcher for DefaultDaemonConnection: socket connection from /127.0.0.1:52325 to /127.0.0.1:52326"        [_thread_blocked, id=27392, stack(0x0000004073800000,0x0000004073900000) (1024K)]
  0x0000023cdec5cdb0 JavaThread "Stdin handler"                     [_thread_blocked, id=28772, stack(0x0000004073900000,0x0000004073a00000) (1024K)]
  0x0000023cdec5e160 JavaThread "Daemon client event forwarder"        [_thread_blocked, id=24764, stack(0x0000004074400000,0x0000004074500000) (1024K)]
  0x0000023cdec5dad0 JavaThread "Cache worker for journal cache (C:\Users\Admin\.gradle\caches\journal-1)"        [_thread_blocked, id=2560, stack(0x0000004072b00000,0x0000004072c00000) (1024K)]
  0x0000023cdec5b370 JavaThread "File lock request listener"        [_thread_in_native, id=29860, stack(0x0000004074500000,0x0000004074600000) (1024K)]
  0x0000023cdec5ba00 JavaThread "Cache worker for file hash cache (C:\Users\Admin\.gradle\caches\9.2.1\fileHashes)"        [_thread_blocked, id=23064, stack(0x0000004074600000,0x0000004074700000) (1024K)]
  0x0000023cde0a7280 JavaThread "C2 CompilerThread1"         daemon [_thread_in_native, id=29588, stack(0x0000004074700000,0x0000004074800000) (1024K)]
  0x0000023cdf4574b0 JavaThread "Cache worker for file hash cache (F:\HK6-HaUI\Mobile\FinalProject\appCK\BTL_ANDROID_TANGHUUHUY\.gradle\9.2.1\fileHashes)"        [_thread_blocked, id=27520, stack(0x0000004074a00000,0x0000004074b00000) (1024K)]
  0x0000023cdf455a70 JavaThread "Cache worker for Build Output Cleanup Cache (F:\HK6-HaUI\Mobile\FinalProject\appCK\BTL_ANDROID_TANGHUUHUY\.gradle\buildOutputCleanup)"        [_thread_blocked, id=29640, stack(0x0000004074b00000,0x0000004074c00000) (1024K)]
  0x0000023cdf454d50 JavaThread "File watcher server"        daemon [_thread_in_native, id=28304, stack(0x0000004074c00000,0x0000004074d00000) (1024K)]
  0x0000023cdf456790 JavaThread "File watcher consumer"      daemon [_thread_blocked, id=22864, stack(0x0000004074d00000,0x0000004074e00000) (1024K)]
  0x0000023cdf456100 JavaThread "Cache worker for checksums cache (F:\HK6-HaUI\Mobile\FinalProject\appCK\BTL_ANDROID_TANGHUUHUY\.gradle\9.2.1\checksums)"        [_thread_blocked, id=29340, stack(0x0000004074e00000,0x0000004074f00000) (1024K)]
  0x0000023cdf4553e0 JavaThread "Cache worker for file content cache (C:\Users\Admin\.gradle\caches\9.2.1\fileContent)"        [_thread_blocked, id=12232, stack(0x0000004074f00000,0x0000004075000000) (1024K)]
  0x0000023cdf454030 JavaThread "Cache worker for cache directory md-supplier (C:\Users\Admin\.gradle\caches\9.2.1\md-supplier)"        [_thread_blocked, id=23720, stack(0x0000004075000000,0x0000004075100000) (1024K)]
  0x0000023cdf459580 JavaThread "Cache worker for cache directory md-rule (C:\Users\Admin\.gradle\caches\9.2.1\md-rule)"        [_thread_blocked, id=12344, stack(0x0000004075100000,0x0000004075200000) (1024K)]
  0x0000023cdf459c10 JavaThread "jar transforms"                    [_thread_blocked, id=16880, stack(0x0000004075200000,0x0000004075300000) (1024K)]
  0x0000023cdf456e20 JavaThread "jar transforms Thread 2"           [_thread_blocked, id=29988, stack(0x0000004075300000,0x0000004075400000) (1024K)]
  0x0000023cdf45a2a0 JavaThread "jar transforms Thread 3"           [_thread_blocked, id=25644, stack(0x0000004075400000,0x0000004075500000) (1024K)]
  0x0000023cdf45a930 JavaThread "Unconstrained build operations"        [_thread_blocked, id=5372, stack(0x0000004075500000,0x0000004075600000) (1024K)]
  0x0000023cdf458860 JavaThread "Unconstrained build operations Thread 2"        [_thread_blocked, id=7020, stack(0x0000004075600000,0x0000004075700000) (1024K)]
  0x0000023cdf45afc0 JavaThread "Unconstrained build operations Thread 3"        [_thread_blocked, id=15032, stack(0x0000004075700000,0x0000004075800000) (1024K)]
  0x0000023cdf45b650 JavaThread "Unconstrained build operations Thread 4"        [_thread_blocked, id=29724, stack(0x0000004075800000,0x0000004075900000) (1024K)]
  0x0000023cdf458ef0 JavaThread "Unconstrained build operations Thread 5"        [_thread_blocked, id=3260, stack(0x0000004075900000,0x0000004075a00000) (1024K)]
  0x0000023cdf4581d0 JavaThread "Unconstrained build operations Thread 6"        [_thread_blocked, id=15520, stack(0x0000004075a00000,0x0000004075b00000) (1024K)]
  0x0000023cdf419f60 JavaThread "Unconstrained build operations Thread 7"        [_thread_blocked, id=15508, stack(0x0000004075b00000,0x0000004075c00000) (1024K)]
  0x0000023cdf41b9a0 JavaThread "Unconstrained build operations Thread 8"        [_thread_blocked, id=26344, stack(0x0000004075c00000,0x0000004075d00000) (1024K)]
  0x0000023cdf4198d0 JavaThread "Unconstrained build operations Thread 9"        [_thread_blocked, id=14636, stack(0x0000004075d00000,0x0000004075e00000) (1024K)]
  0x0000023cdf41a5f0 JavaThread "Unconstrained build operations Thread 10"        [_thread_blocked, id=13820, stack(0x0000004075e00000,0x0000004075f00000) (1024K)]
  0x0000023cdf41b310 JavaThread "jar transforms Thread 4"           [_thread_blocked, id=17660, stack(0x0000004075f00000,0x0000004076000000) (1024K)]
  0x0000023cdf418520 JavaThread "jar transforms Thread 5"           [_thread_blocked, id=18500, stack(0x0000004076000000,0x0000004076100000) (1024K)]
  0x0000023cdf41ac80 JavaThread "Unconstrained build operations Thread 11"        [_thread_blocked, id=14824, stack(0x0000004076100000,0x0000004076200000) (1024K)]
  0x0000023cdf41c030 JavaThread "Unconstrained build operations Thread 12"        [_thread_blocked, id=18900, stack(0x0000004076200000,0x0000004076300000) (1024K)]
  0x0000023cdf418bb0 JavaThread "Unconstrained build operations Thread 13"        [_thread_blocked, id=14616, stack(0x0000004076300000,0x0000004076400000) (1024K)]
  0x0000023cdf41c6c0 JavaThread "Unconstrained build operations Thread 14"        [_thread_blocked, id=12920, stack(0x0000004076400000,0x0000004076500000) (1024K)]
  0x0000023cdf419240 JavaThread "Unconstrained build operations Thread 15"        [_thread_blocked, id=16064, stack(0x0000004076500000,0x0000004076600000) (1024K)]
  0x0000023cdf41e100 JavaThread "jar transforms Thread 6"           [_thread_blocked, id=10096, stack(0x0000004076600000,0x0000004076700000) (1024K)]
  0x0000023cdf41fb40 JavaThread "jar transforms Thread 7"           [_thread_blocked, id=13916, stack(0x0000004076700000,0x0000004076800000) (1024K)]
  0x0000023cdf41ee20 JavaThread "jar transforms Thread 8"           [_thread_blocked, id=14932, stack(0x0000004076800000,0x0000004076900000) (1024K)]
  0x0000023cdf41f4b0 JavaThread "Unconstrained build operations Thread 16"        [_thread_blocked, id=27416, stack(0x0000004076900000,0x0000004076a00000) (1024K)]
  0x0000023cdf41d3e0 JavaThread "Unconstrained build operations Thread 17"        [_thread_blocked, id=18484, stack(0x0000004076a00000,0x0000004076b00000) (1024K)]
  0x0000023cdf41cd50 JavaThread "Unconstrained build operations Thread 18"        [_thread_blocked, id=28048, stack(0x0000004076b00000,0x0000004076c00000) (1024K)]
  0x0000023cde0a7950 JavaThread "C2 CompilerThread2"         daemon [_thread_in_native, id=468, stack(0x0000004074800000,0x0000004074900000) (1024K)]
Total: 63

Other Threads:
  0x0000023cd8aded10 VMThread "VM Thread"                           [id=29544, stack(0x0000004071e00000,0x0000004071f00000) (1024K)]
  0x0000023cd8aa0280 WatcherThread "VM Periodic Task Thread"        [id=22320, stack(0x0000004071d00000,0x0000004071e00000) (1024K)]
  0x0000023cc08c5cb0 WorkerThread "GC Thread#0"                     [id=29480, stack(0x0000004071800000,0x0000004071900000) (1024K)]
  0x0000023cdd3efc10 WorkerThread "GC Thread#1"                     [id=27096, stack(0x0000004072d00000,0x0000004072e00000) (1024K)]
  0x0000023cdd3effb0 WorkerThread "GC Thread#2"                     [id=13488, stack(0x0000004072e00000,0x0000004072f00000) (1024K)]
  0x0000023cdd3f0350 WorkerThread "GC Thread#3"                     [id=28792, stack(0x0000004072f00000,0x0000004073000000) (1024K)]
  0x0000023cdd35e430 WorkerThread "GC Thread#4"                     [id=18612, stack(0x0000004073000000,0x0000004073100000) (1024K)]
  0x0000023cdebc2e60 WorkerThread "GC Thread#5"                     [id=23124, stack(0x0000004073a00000,0x0000004073b00000) (1024K)]
  0x0000023cdee15a40 WorkerThread "GC Thread#6"                     [id=20948, stack(0x0000004073b00000,0x0000004073c00000) (1024K)]
  0x0000023cdee25df0 WorkerThread "GC Thread#7"                     [id=29408, stack(0x0000004073c00000,0x0000004073d00000) (1024K)]
  0x0000023cdee26560 WorkerThread "GC Thread#8"                     [id=30108, stack(0x0000004073d00000,0x0000004073e00000) (1024K)]
  0x0000023cdee270c0 WorkerThread "GC Thread#9"                     [id=19852, stack(0x0000004073e00000,0x0000004073f00000) (1024K)]
  0x0000023cdee27460 WorkerThread "GC Thread#10"                    [id=26388, stack(0x0000004073f00000,0x0000004074000000) (1024K)]
  0x0000023cdee27800 WorkerThread "GC Thread#11"                    [id=30176, stack(0x0000004074000000,0x0000004074100000) (1024K)]
  0x0000023cdee28680 WorkerThread "GC Thread#12"                    [id=24732, stack(0x0000004074100000,0x0000004074200000) (1024K)]
  0x0000023cc08d6ba0 ConcurrentGCThread "G1 Main Marker"            [id=28860, stack(0x0000004071900000,0x0000004071a00000) (1024K)]
  0x0000023cc08d92a0 WorkerThread "G1 Conc#0"                       [id=15200, stack(0x0000004071a00000,0x0000004071b00000) (1024K)]
  0x0000023cdec36470 WorkerThread "G1 Conc#1"                       [id=2104, stack(0x0000004074200000,0x0000004074300000) (1024K)]
  0x0000023cdec360d0 WorkerThread "G1 Conc#2"                       [id=28872, stack(0x0000004074300000,0x0000004074400000) (1024K)]
  0x0000023cd7d5d960 ConcurrentGCThread "G1 Refine#0"               [id=12072, stack(0x0000004071b00000,0x0000004071c00000) (1024K)]
  0x0000023cd7d5dd90 ConcurrentGCThread "G1 Service"                [id=29504, stack(0x0000004071c00000,0x0000004071d00000) (1024K)]
Total: 21

Threads with active compile tasks:
C2 CompilerThread0  6475 6537   !   4       java.net.URLClassLoader::findClass (47 bytes)
C2 CompilerThread1  6475 6538       4       java.net.URLClassLoader$1::run (5 bytes)
C2 CompilerThread2  6475 6539   !   4       java.net.URLClassLoader$1::run (81 bytes)
Total: 3

VM state: not at safepoint (normal execution)

VM Mutex/Monitor currently owned by a thread:  ([mutex/lock_event])
[0x00007ffa93527038] MethodCompileQueue_lock - owner thread: 0x0000023cd8d39f20

Heap address: 0x0000000080000000, size: 2048 MB, Compressed Oops mode: 32-bit

CDS archive(s) not mapped
Compressed class space mapped at: 0x0000000100000000-0x0000000140000000, reserved size: 1073741824
Narrow klass base: 0x0000000000000000, Narrow klass shift: 3, Narrow klass range: 0x140000000

GC Precious Log:
 CardTable entry size: 512
 Card Set container configuration: InlinePtr #cards 5 size 8 Array Of Cards #cards 12 size 40 Howl #buckets 4 coarsen threshold 1843 Howl Bitmap #cards 512 size 80 coarsen threshold 460 Card regions per heap region 1 cards per card region 2048
 CPUs: 16 total, 16 available
 Memory: 15554M
 Large Page Support: Disabled
 NUMA Support: Disabled
 Compressed Oops: Enabled (32-bit)
 Heap Region Size: 1M
 Heap Min Capacity: 8M
 Heap Initial Capacity: 244M
 Heap Max Capacity: 2G
 Pre-touch: Disabled
 Parallel Workers: 13
 Concurrent Workers: 3
 Concurrent Refinement Workers: 13
 Periodic GC: Disabled

Heap:
 garbage-first heap   total 107520K, used 82376K [0x0000000080000000, 0x0000000100000000)
  region size 1024K, 41 young (41984K), 4 survivors (4096K)
 Metaspace       used 70230K, committed 72128K, reserved 1114112K
  class space    used 10125K, committed 11008K, reserved 1048576K

Heap Regions: E=young(eden), S=young(survivor), O=old, HS=humongous(starts), HC=humongous(continues), CS=collection set, F=free, TAMS=top-at-mark-start, PB=parsable bottom
|   0|0x0000000080000000, 0x0000000080100000, 0x0000000080100000|100%|HS|  |TAMS 0x0000000080000000| PB 0x0000000080000000| Complete 
|   1|0x0000000080100000, 0x0000000080200000, 0x0000000080200000|100%|HC|  |TAMS 0x0000000080100000| PB 0x0000000080100000| Complete 
|   2|0x0000000080200000, 0x0000000080300000, 0x0000000080300000|100%|HC|  |TAMS 0x0000000080200000| PB 0x0000000080200000| Complete 
|   3|0x0000000080300000, 0x0000000080400000, 0x0000000080400000|100%|HC|  |TAMS 0x0000000080300000| PB 0x0000000080300000| Complete 
|   4|0x0000000080400000, 0x0000000080500000, 0x0000000080500000|100%| O|  |TAMS 0x0000000080400000| PB 0x0000000080400000| Untracked 
|   5|0x0000000080500000, 0x0000000080600000, 0x0000000080600000|100%| O|  |TAMS 0x0000000080500000| PB 0x0000000080500000| Untracked 
|   6|0x0000000080600000, 0x0000000080700000, 0x0000000080700000|100%| O|  |TAMS 0x0000000080600000| PB 0x0000000080600000| Untracked 
|   7|0x0000000080700000, 0x0000000080800000, 0x0000000080800000|100%|HS|  |TAMS 0x0000000080700000| PB 0x0000000080700000| Complete 
|   8|0x0000000080800000, 0x0000000080900000, 0x0000000080900000|100%| O|  |TAMS 0x0000000080800000| PB 0x0000000080800000| Untracked 
|   9|0x0000000080900000, 0x0000000080a00000, 0x0000000080a00000|100%| O|  |TAMS 0x0000000080900000| PB 0x0000000080900000| Untracked 
|  10|0x0000000080a00000, 0x0000000080b00000, 0x0000000080b00000|100%| O|  |TAMS 0x0000000080a00000| PB 0x0000000080a00000| Untracked 
|  11|0x0000000080b00000, 0x0000000080c00000, 0x0000000080c00000|100%| O|  |TAMS 0x0000000080b00000| PB 0x0000000080b00000| Untracked 
|  12|0x0000000080c00000, 0x0000000080d00000, 0x0000000080d00000|100%| O|  |TAMS 0x0000000080c00000| PB 0x0000000080c00000| Untracked 
|  13|0x0000000080d00000, 0x0000000080e00000, 0x0000000080e00000|100%| O|  |TAMS 0x0000000080d00000| PB 0x0000000080d00000| Untracked 
|  14|0x0000000080e00000, 0x0000000080f00000, 0x0000000080f00000|100%| O|  |TAMS 0x0000000080e00000| PB 0x0000000080e00000| Untracked 
|  15|0x0000000080f00000, 0x0000000081000000, 0x0000000081000000|100%| O|  |TAMS 0x0000000080f00000| PB 0x0000000080f00000| Untracked 
|  16|0x0000000081000000, 0x0000000081100000, 0x0000000081100000|100%| O|  |TAMS 0x0000000081000000| PB 0x0000000081000000| Untracked 
|  17|0x0000000081100000, 0x0000000081200000, 0x0000000081200000|100%| O|  |TAMS 0x0000000081100000| PB 0x0000000081100000| Untracked 
|  18|0x0000000081200000, 0x0000000081300000, 0x0000000081300000|100%| O|  |TAMS 0x0000000081200000| PB 0x0000000081200000| Untracked 
|  19|0x0000000081300000, 0x0000000081400000, 0x0000000081400000|100%| O|  |TAMS 0x0000000081300000| PB 0x0000000081300000| Untracked 
|  20|0x0000000081400000, 0x0000000081500000, 0x0000000081500000|100%| O|  |TAMS 0x0000000081400000| PB 0x0000000081400000| Untracked 
|  21|0x0000000081500000, 0x0000000081600000, 0x0000000081600000|100%| O|  |TAMS 0x0000000081500000| PB 0x0000000081500000| Untracked 
|  22|0x0000000081600000, 0x0000000081700000, 0x0000000081700000|100%| O|  |TAMS 0x0000000081600000| PB 0x0000000081600000| Untracked 
|  23|0x0000000081700000, 0x0000000081800000, 0x0000000081800000|100%| O|  |TAMS 0x0000000081700000| PB 0x0000000081700000| Untracked 
|  24|0x0000000081800000, 0x0000000081900000, 0x0000000081900000|100%| O|  |TAMS 0x0000000081800000| PB 0x0000000081800000| Untracked 
|  25|0x0000000081900000, 0x0000000081a00000, 0x0000000081a00000|100%|HS|  |TAMS 0x0000000081900000| PB 0x0000000081900000| Complete 
|  26|0x0000000081a00000, 0x0000000081b00000, 0x0000000081b00000|100%|HC|  |TAMS 0x0000000081a00000| PB 0x0000000081a00000| Complete 
|  27|0x0000000081b00000, 0x0000000081c00000, 0x0000000081c00000|100%| O|Cm|TAMS 0x0000000081b00000| PB 0x0000000081b00000| Complete 
|  28|0x0000000081c00000, 0x0000000081d00000, 0x0000000081d00000|100%| O|  |TAMS 0x0000000081c00000| PB 0x0000000081c00000| Untracked 
|  29|0x0000000081d00000, 0x0000000081e00000, 0x0000000081e00000|100%| O|  |TAMS 0x0000000081d00000| PB 0x0000000081d00000| Untracked 
|  30|0x0000000081e00000, 0x0000000081f00000, 0x0000000081f00000|100%| O|  |TAMS 0x0000000081e00000| PB 0x0000000081e00000| Untracked 
|  31|0x0000000081f00000, 0x0000000082000000, 0x0000000082000000|100%| O|  |TAMS 0x0000000081f00000| PB 0x0000000081f00000| Untracked 
|  32|0x0000000082000000, 0x0000000082100000, 0x0000000082100000|100%| O|  |TAMS 0x0000000082000000| PB 0x0000000082000000| Untracked 
|  33|0x0000000082100000, 0x0000000082200000, 0x0000000082200000|100%| O|  |TAMS 0x0000000082100000| PB 0x0000000082100000| Untracked 
|  34|0x0000000082200000, 0x0000000082200000, 0x0000000082300000|  0%| F|  |TAMS 0x0000000082200000| PB 0x0000000082200000| Untracked 
|  35|0x0000000082300000, 0x0000000082300000, 0x0000000082400000|  0%| F|  |TAMS 0x0000000082300000| PB 0x0000000082300000| Untracked 
|  36|0x0000000082400000, 0x0000000082400000, 0x0000000082500000|  0%| F|  |TAMS 0x0000000082400000| PB 0x0000000082400000| Untracked 
|  37|0x0000000082500000, 0x0000000082500000, 0x0000000082600000|  0%| F|  |TAMS 0x0000000082500000| PB 0x0000000082500000| Untracked 
|  38|0x0000000082600000, 0x00000000826d3b00, 0x0000000082700000| 82%| O|  |TAMS 0x0000000082600000| PB 0x0000000082600000| Untracked 
|  39|0x0000000082700000, 0x0000000082700000, 0x0000000082800000|  0%| F|  |TAMS 0x0000000082700000| PB 0x0000000082700000| Untracked 
|  40|0x0000000082800000, 0x0000000082800000, 0x0000000082900000|  0%| F|  |TAMS 0x0000000082800000| PB 0x0000000082800000| Untracked 
|  41|0x0000000082900000, 0x000000008299e610, 0x0000000082a00000| 61%| S|CS|TAMS 0x0000000082900000| PB 0x0000000082900000| Complete 
|  42|0x0000000082a00000, 0x0000000082b00000, 0x0000000082b00000|100%| S|CS|TAMS 0x0000000082a00000| PB 0x0000000082a00000| Complete 
|  43|0x0000000082b00000, 0x0000000082c00000, 0x0000000082c00000|100%| S|CS|TAMS 0x0000000082b00000| PB 0x0000000082b00000| Complete 
|  44|0x0000000082c00000, 0x0000000082d00000, 0x0000000082d00000|100%| S|CS|TAMS 0x0000000082c00000| PB 0x0000000082c00000| Complete 
|  45|0x0000000082d00000, 0x0000000082d00000, 0x0000000082e00000|  0%| F|  |TAMS 0x0000000082d00000| PB 0x0000000082d00000| Untracked 
|  46|0x0000000082e00000, 0x0000000082e00000, 0x0000000082f00000|  0%| F|  |TAMS 0x0000000082e00000| PB 0x0000000082e00000| Untracked 
|  47|0x0000000082f00000, 0x0000000082f00000, 0x0000000083000000|  0%| F|  |TAMS 0x0000000082f00000| PB 0x0000000082f00000| Untracked 
|  48|0x0000000083000000, 0x0000000083000000, 0x0000000083100000|  0%| F|  |TAMS 0x0000000083000000| PB 0x0000000083000000| Untracked 
|  49|0x0000000083100000, 0x0000000083100000, 0x0000000083200000|  0%| F|  |TAMS 0x0000000083100000| PB 0x0000000083100000| Untracked 
|  50|0x0000000083200000, 0x0000000083200000, 0x0000000083300000|  0%| F|  |TAMS 0x0000000083200000| PB 0x0000000083200000| Untracked 
|  51|0x0000000083300000, 0x0000000083300000, 0x0000000083400000|  0%| F|  |TAMS 0x0000000083300000| PB 0x0000000083300000| Untracked 
|  52|0x0000000083400000, 0x0000000083400000, 0x0000000083500000|  0%| F|  |TAMS 0x0000000083400000| PB 0x0000000083400000| Untracked 
|  53|0x0000000083500000, 0x0000000083500000, 0x0000000083600000|  0%| F|  |TAMS 0x0000000083500000| PB 0x0000000083500000| Untracked 
|  54|0x0000000083600000, 0x0000000083600000, 0x0000000083700000|  0%| F|  |TAMS 0x0000000083600000| PB 0x0000000083600000| Untracked 
|  55|0x0000000083700000, 0x0000000083700000, 0x0000000083800000|  0%| F|  |TAMS 0x0000000083700000| PB 0x0000000083700000| Untracked 
|  56|0x0000000083800000, 0x0000000083800000, 0x0000000083900000|  0%| F|  |TAMS 0x0000000083800000| PB 0x0000000083800000| Untracked 
|  57|0x0000000083900000, 0x0000000083900000, 0x0000000083a00000|  0%| F|  |TAMS 0x0000000083900000| PB 0x0000000083900000| Untracked 
|  58|0x0000000083a00000, 0x0000000083a00000, 0x0000000083b00000|  0%| F|  |TAMS 0x0000000083a00000| PB 0x0000000083a00000| Untracked 
|  59|0x0000000083b00000, 0x0000000083b00000, 0x0000000083c00000|  0%| F|  |TAMS 0x0000000083b00000| PB 0x0000000083b00000| Untracked 
|  60|0x0000000083c00000, 0x0000000083c00000, 0x0000000083d00000|  0%| F|  |TAMS 0x0000000083c00000| PB 0x0000000083c00000| Untracked 
|  61|0x0000000083d00000, 0x0000000083d80000, 0x0000000083e00000| 50%| E|  |TAMS 0x0000000083d00000| PB 0x0000000083d00000| Complete 
|  62|0x0000000083e00000, 0x0000000083f00000, 0x0000000083f00000|100%| E|CS|TAMS 0x0000000083e00000| PB 0x0000000083e00000| Complete 
|  63|0x0000000083f00000, 0x0000000084000000, 0x0000000084000000|100%| E|CS|TAMS 0x0000000083f00000| PB 0x0000000083f00000| Complete 
|  64|0x0000000084000000, 0x0000000084100000, 0x0000000084100000|100%| E|CS|TAMS 0x0000000084000000| PB 0x0000000084000000| Complete 
|  65|0x0000000084100000, 0x0000000084200000, 0x0000000084200000|100%| E|CS|TAMS 0x0000000084100000| PB 0x0000000084100000| Complete 
|  66|0x0000000084200000, 0x0000000084300000, 0x0000000084300000|100%| E|CS|TAMS 0x0000000084200000| PB 0x0000000084200000| Complete 
|  67|0x0000000084300000, 0x0000000084400000, 0x0000000084400000|100%| E|CS|TAMS 0x0000000084300000| PB 0x0000000084300000| Complete 
|  68|0x0000000084400000, 0x0000000084500000, 0x0000000084500000|100%| E|CS|TAMS 0x0000000084400000| PB 0x0000000084400000| Complete 
|  69|0x0000000084500000, 0x0000000084600000, 0x0000000084600000|100%| E|CS|TAMS 0x0000000084500000| PB 0x0000000084500000| Complete 
|  70|0x0000000084600000, 0x0000000084700000, 0x0000000084700000|100%| E|CS|TAMS 0x0000000084600000| PB 0x0000000084600000| Complete 
|  71|0x0000000084700000, 0x0000000084800000, 0x0000000084800000|100%| E|CS|TAMS 0x0000000084700000| PB 0x0000000084700000| Complete 
|  72|0x0000000084800000, 0x0000000084900000, 0x0000000084900000|100%| E|CS|TAMS 0x0000000084800000| PB 0x0000000084800000| Complete 
|  73|0x0000000084900000, 0x0000000084a00000, 0x0000000084a00000|100%| E|CS|TAMS 0x0000000084900000| PB 0x0000000084900000| Complete 
|  74|0x0000000084a00000, 0x0000000084b00000, 0x0000000084b00000|100%| E|CS|TAMS 0x0000000084a00000| PB 0x0000000084a00000| Complete 
|  75|0x0000000084b00000, 0x0000000084c00000, 0x0000000084c00000|100%| E|CS|TAMS 0x0000000084b00000| PB 0x0000000084b00000| Complete 
|  76|0x0000000084c00000, 0x0000000084d00000, 0x0000000084d00000|100%| E|CS|TAMS 0x0000000084c00000| PB 0x0000000084c00000| Complete 
|  77|0x0000000084d00000, 0x0000000084e00000, 0x0000000084e00000|100%| E|CS|TAMS 0x0000000084d00000| PB 0x0000000084d00000| Complete 
|  78|0x0000000084e00000, 0x0000000084f00000, 0x0000000084f00000|100%| E|CS|TAMS 0x0000000084e00000| PB 0x0000000084e00000| Complete 
|  79|0x0000000084f00000, 0x0000000085000000, 0x0000000085000000|100%| E|CS|TAMS 0x0000000084f00000| PB 0x0000000084f00000| Complete 
|  80|0x0000000085000000, 0x0000000085100000, 0x0000000085100000|100%| E|CS|TAMS 0x0000000085000000| PB 0x0000000085000000| Complete 
|  81|0x0000000085100000, 0x0000000085200000, 0x0000000085200000|100%| E|CS|TAMS 0x0000000085100000| PB 0x0000000085100000| Complete 
|  82|0x0000000085200000, 0x0000000085300000, 0x0000000085300000|100%| E|CS|TAMS 0x0000000085200000| PB 0x0000000085200000| Complete 
|  83|0x0000000085300000, 0x0000000085400000, 0x0000000085400000|100%| E|CS|TAMS 0x0000000085300000| PB 0x0000000085300000| Complete 
|  84|0x0000000085400000, 0x0000000085500000, 0x0000000085500000|100%| E|CS|TAMS 0x0000000085400000| PB 0x0000000085400000| Complete 
| 149|0x0000000089500000, 0x0000000089600000, 0x0000000089600000|100%| E|CS|TAMS 0x0000000089500000| PB 0x0000000089500000| Complete 
| 150|0x0000000089600000, 0x0000000089700000, 0x0000000089700000|100%| E|CS|TAMS 0x0000000089600000| PB 0x0000000089600000| Complete 
| 151|0x0000000089700000, 0x0000000089800000, 0x0000000089800000|100%| E|CS|TAMS 0x0000000089700000| PB 0x0000000089700000| Complete 
| 152|0x0000000089800000, 0x0000000089900000, 0x0000000089900000|100%| E|CS|TAMS 0x0000000089800000| PB 0x0000000089800000| Complete 
| 153|0x0000000089900000, 0x0000000089a00000, 0x0000000089a00000|100%| E|CS|TAMS 0x0000000089900000| PB 0x0000000089900000| Complete 
| 154|0x0000000089a00000, 0x0000000089b00000, 0x0000000089b00000|100%| E|CS|TAMS 0x0000000089a00000| PB 0x0000000089a00000| Complete 
| 155|0x0000000089b00000, 0x0000000089c00000, 0x0000000089c00000|100%| E|CS|TAMS 0x0000000089b00000| PB 0x0000000089b00000| Complete 
| 156|0x0000000089c00000, 0x0000000089d00000, 0x0000000089d00000|100%| E|CS|TAMS 0x0000000089c00000| PB 0x0000000089c00000| Complete 
| 157|0x0000000089d00000, 0x0000000089e00000, 0x0000000089e00000|100%| E|CS|TAMS 0x0000000089d00000| PB 0x0000000089d00000| Complete 
| 158|0x0000000089e00000, 0x0000000089f00000, 0x0000000089f00000|100%| E|CS|TAMS 0x0000000089e00000| PB 0x0000000089e00000| Complete 
| 159|0x0000000089f00000, 0x000000008a000000, 0x000000008a000000|100%| E|CS|TAMS 0x0000000089f00000| PB 0x0000000089f00000| Complete 
| 160|0x000000008a000000, 0x000000008a100000, 0x000000008a100000|100%| E|CS|TAMS 0x000000008a000000| PB 0x000000008a000000| Complete 
| 161|0x000000008a100000, 0x000000008a200000, 0x000000008a200000|100%| E|CS|TAMS 0x000000008a100000| PB 0x000000008a100000| Complete 
| 243|0x000000008f300000, 0x000000008f400000, 0x000000008f400000|100%| E|CS|TAMS 0x000000008f300000| PB 0x000000008f300000| Complete 
|2042|0x00000000ffa00000, 0x00000000ffb00000, 0x00000000ffb00000|100%| O|  |TAMS 0x00000000ffa00000| PB 0x00000000ffa00000| Untracked 
|2043|0x00000000ffb00000, 0x00000000ffc00000, 0x00000000ffc00000|100%| O|  |TAMS 0x00000000ffb00000| PB 0x00000000ffb00000| Untracked 
|2044|0x00000000ffc00000, 0x00000000ffd00000, 0x00000000ffd00000|100%| O|  |TAMS 0x00000000ffc00000| PB 0x00000000ffc00000| Untracked 
|2045|0x00000000ffd00000, 0x00000000ffe00000, 0x00000000ffe00000|100%| O|  |TAMS 0x00000000ffd00000| PB 0x00000000ffd00000| Untracked 
|2046|0x00000000ffe00000, 0x00000000fff00000, 0x00000000fff00000|100%| O|  |TAMS 0x00000000ffe00000| PB 0x00000000ffe00000| Untracked 
|2047|0x00000000fff00000, 0x0000000100000000, 0x0000000100000000|100%| O|  |TAMS 0x00000000fff00000| PB 0x00000000fff00000| Untracked 

Card table byte_map: [0x0000023cd3640000,0x0000023cd3a40000] _byte_map_base: 0x0000023cd3240000

Marking Bits: (CMBitMap*) 0x0000023cc08c62c0
 Bits: [0x0000023cd3a40000, 0x0000023cd5a40000)

Polling page: 0x0000023cbe690000

Metaspace:

Usage:
  Non-class:     58.71 MB used.
      Class:      9.89 MB used.
       Both:     68.60 MB used.

Virtual space:
  Non-class space:       64.00 MB reserved,      59.69 MB ( 93%) committed,  1 nodes.
      Class space:        1.00 GB reserved,      10.81 MB (  1%) committed,  1 nodes.
             Both:        1.06 GB reserved,      70.50 MB (  6%) committed. 

Chunk freelists:
   Non-Class:  4.20 MB
       Class:  5.12 MB
        Both:  9.32 MB

MaxMetaspaceSize: unlimited
CompressedClassSpaceSize: 1.00 GB
Initial GC threshold: 21.00 MB
Current GC threshold: 98.25 MB
CDS: off
 - commit_granule_bytes: 65536.
 - commit_granule_words: 8192.
 - virtual_space_node_default_size: 8388608.
 - enlarge_chunks_in_place: 1.
 - use_allocation_guard: 0.


Internal statistics:

num_allocs_failed_limit: 9.
num_arena_births: 3640.
num_arena_deaths: 0.
num_vsnodes_births: 2.
num_vsnodes_deaths: 0.
num_space_committed: 1128.
num_space_uncommitted: 0.
num_chunks_returned_to_freelist: 9.
num_chunks_taken_from_freelist: 6660.
num_chunk_merges: 9.
num_chunk_splits: 4315.
num_chunks_enlarged: 2616.
num_inconsistent_stats: 0.

CodeHeap 'non-profiled nmethods': size=119168Kb used=3647Kb max_used=3647Kb free=115520Kb
 bounds [0x0000023ccb560000, 0x0000023ccb8f0000, 0x0000023cd29c0000]
CodeHeap 'profiled nmethods': size=119104Kb used=12040Kb max_used=12040Kb free=107064Kb
 bounds [0x0000023cc39c0000, 0x0000023cc4590000, 0x0000023ccae10000]
CodeHeap 'non-nmethods': size=7488Kb used=3922Kb max_used=3954Kb free=3565Kb
 bounds [0x0000023ccae10000, 0x0000023ccb200000, 0x0000023ccb560000]
CodeCache: size=245760Kb, used=19609Kb, max_used=19641Kb, free=226149Kb
 total_blobs=6886, nmethods=6099, adapters=686, full_count=0
Compilation: enabled, stopped_count=0, restarted_count=0

Compilation events (20 events):
Event: 6.322 Thread 0x0000023cd8d3a5d0 6650       3       org.gradle.internal.evaluation.EvaluationContext$PerThreadContext::push (34 bytes)
Event: 6.322 Thread 0x0000023cde0a49a0 nmethod 6647 0x0000023cc4564410 code [0x0000023cc45645e0, 0x0000023cc45649a0]
Event: 6.322 Thread 0x0000023cd8b84160 nmethod 6645 0x0000023cc4564b10 code [0x0000023cc4564d00, 0x0000023cc4565188]
Event: 6.322 Thread 0x0000023cd8b84160 6651       3       it.unimi.dsi.fastutil.objects.ReferenceArrayList::add (55 bytes)
Event: 6.322 Thread 0x0000023cde0a49a0 6652       3       it.unimi.dsi.fastutil.objects.ReferenceArrayList::grow (137 bytes)
Event: 6.322 Thread 0x0000023cd8d39f20 nmethod 6649 0x0000023cc4565390 code [0x0000023cc4565580, 0x0000023cc4565928]
Event: 6.322 Thread 0x0000023cd8d39f20 6653       3       java.lang.ThreadLocal$ThreadLocalMap::remove (68 bytes)
Event: 6.322 Thread 0x0000023cd8d3a5d0 nmethod 6650 0x0000023cc4565a90 code [0x0000023cc4565c60, 0x0000023cc4565f90]
Event: 6.322 Thread 0x0000023cd8b84160 nmethod 6651 0x0000023cc4566110 code [0x0000023cc45662e0, 0x0000023cc45665e8]
Event: 6.322 Thread 0x0000023cd8d3a5d0 6654       3       org.gradle.api.internal.provider.ValueState$NonFinalizedValue::explicitValue (7 bytes)
Event: 6.323 Thread 0x0000023cd8d3a5d0 nmethod 6654 0x0000023cc4566710 code [0x0000023cc45668a0, 0x0000023cc45669b0]
Event: 6.323 Thread 0x0000023cde0a49a0 nmethod 6652 0x0000023cc4566a90 code [0x0000023cc4566c80, 0x0000023cc4567268]
Event: 6.323 Thread 0x0000023cd8d39f20 nmethod 6653 0x0000023cc4567410 code [0x0000023cc4567620, 0x0000023cc4567bc8]
Event: 6.328 Thread 0x0000023cd8d3a5d0 6656       3       org.gradle.internal.instantiation.generator.AsmBackedClassGenerator$ClassBuilderImpl::access$2700 (4 bytes)
Event: 6.328 Thread 0x0000023cd8d3a5d0 nmethod 6656 0x0000023cc4567e90 code [0x0000023cc4568020, 0x0000023cc4568118]
Event: 6.338 Thread 0x0000023cd8d39f20 6657   !   3       jdk.proxy1.$Proxy8::annotationType (29 bytes)
Event: 6.339 Thread 0x0000023cd8d39f20 nmethod 6657 0x0000023cc4568190 code [0x0000023cc4568360, 0x0000023cc4568740]
Event: 6.347 Thread 0x0000023cd8d3a5d0 6660       3       java.lang.String::replaceAll (13 bytes)
Event: 6.347 Thread 0x0000023cd8d3a5d0 nmethod 6660 0x0000023cc4568910 code [0x0000023cc4568ae0, 0x0000023cc4568d70]
Event: 6.347 Thread 0x0000023cd8d3a5d0 6661   !   3       org.gradle.internal.instantiation.generator.AbstractClassGenerator::generateUnderLock (720 bytes)

GC Heap History (20 events):
Event: 2.318 GC heap before
{Heap before GC invocations=4 (full 0):
 garbage-first heap   total 71680K, used 70083K [0x0000000080000000, 0x0000000100000000)
  region size 1024K, 60 young (61440K), 13 survivors (13312K)
 Metaspace       used 29439K, committed 29888K, reserved 1114112K
  class space    used 3653K, committed 3840K, reserved 1048576K
}
Event: 2.326 GC heap after
{Heap after GC invocations=5 (full 0):
 garbage-first heap   total 89088K, used 23607K [0x0000000080000000, 0x0000000100000000)
  region size 1024K, 11 young (11264K), 11 survivors (11264K)
 Metaspace       used 29439K, committed 29888K, reserved 1114112K
  class space    used 3653K, committed 3840K, reserved 1048576K
}
Event: 2.887 GC heap before
{Heap before GC invocations=5 (full 0):
 garbage-first heap   total 89088K, used 62519K [0x0000000080000000, 0x0000000100000000)
  region size 1024K, 50 young (51200K), 11 survivors (11264K)
 Metaspace       used 34762K, committed 35328K, reserved 1114112K
  class space    used 4549K, committed 4800K, reserved 1048576K
}
Event: 2.891 GC heap after
{Heap after GC invocations=6 (full 0):
 garbage-first heap   total 89088K, used 26086K [0x0000000080000000, 0x0000000100000000)
  region size 1024K, 5 young (5120K), 5 survivors (5120K)
 Metaspace       used 34762K, committed 35328K, reserved 1114112K
  class space    used 4549K, committed 4800K, reserved 1048576K
}
Event: 2.939 GC heap before
{Heap before GC invocations=6 (full 0):
 garbage-first heap   total 89088K, used 30182K [0x0000000080000000, 0x0000000100000000)
  region size 1024K, 10 young (10240K), 5 survivors (5120K)
 Metaspace       used 35299K, committed 35968K, reserved 1114112K
  class space    used 4629K, committed 4992K, reserved 1048576K
}
Event: 2.941 GC heap after
{Heap after GC invocations=7 (full 0):
 garbage-first heap   total 89088K, used 26851K [0x0000000080000000, 0x0000000100000000)
  region size 1024K, 4 young (4096K), 4 survivors (4096K)
 Metaspace       used 35299K, committed 35968K, reserved 1114112K
  class space    used 4629K, committed 4992K, reserved 1048576K
}
Event: 3.396 GC heap before
{Heap before GC invocations=8 (full 0):
 garbage-first heap   total 89088K, used 69859K [0x0000000080000000, 0x0000000100000000)
  region size 1024K, 47 young (48128K), 4 survivors (4096K)
 Metaspace       used 41089K, committed 42176K, reserved 1114112K
  class space    used 5644K, committed 6144K, reserved 1048576K
}
Event: 3.398 GC heap after
{Heap after GC invocations=9 (full 0):
 garbage-first heap   total 89088K, used 28892K [0x0000000080000000, 0x0000000100000000)
  region size 1024K, 6 young (6144K), 6 survivors (6144K)
 Metaspace       used 41089K, committed 42176K, reserved 1114112K
  class space    used 5644K, committed 6144K, reserved 1048576K
}
Event: 3.913 GC heap before
{Heap before GC invocations=9 (full 0):
 garbage-first heap   total 89088K, used 71900K [0x0000000080000000, 0x0000000100000000)
  region size 1024K, 49 young (50176K), 6 survivors (6144K)
 Metaspace       used 47933K, committed 49216K, reserved 1114112K
  class space    used 6604K, committed 7232K, reserved 1048576K
}
Event: 3.917 GC heap after
{Heap after GC invocations=10 (full 0):
 garbage-first heap   total 89088K, used 32741K [0x0000000080000000, 0x0000000100000000)
  region size 1024K, 7 young (7168K), 7 survivors (7168K)
 Metaspace       used 47933K, committed 49216K, reserved 1114112K
  class space    used 6604K, committed 7232K, reserved 1048576K
}
Event: 4.402 GC heap before
{Heap before GC invocations=10 (full 0):
 garbage-first heap   total 89088K, used 74725K [0x0000000080000000, 0x0000000100000000)
  region size 1024K, 48 young (49152K), 7 survivors (7168K)
 Metaspace       used 53199K, committed 54656K, reserved 1114112K
  class space    used 7464K, committed 8128K, reserved 1048576K
}
Event: 4.405 GC heap after
{Heap after GC invocations=11 (full 0):
 garbage-first heap   total 89088K, used 35801K [0x0000000080000000, 0x0000000100000000)
  region size 1024K, 4 young (4096K), 4 survivors (4096K)
 Metaspace       used 53199K, committed 54656K, reserved 1114112K
  class space    used 7464K, committed 8128K, reserved 1048576K
}
Event: 4.998 GC heap before
{Heap before GC invocations=11 (full 0):
 garbage-first heap   total 89088K, used 76761K [0x0000000080000000, 0x0000000100000000)
  region size 1024K, 43 young (44032K), 4 survivors (4096K)
 Metaspace       used 56452K, committed 58112K, reserved 1114112K
  class space    used 7992K, committed 8768K, reserved 1048576K
}
Event: 5.000 GC heap after
{Heap after GC invocations=12 (full 0):
 garbage-first heap   total 89088K, used 41585K [0x0000000080000000, 0x0000000100000000)
  region size 1024K, 6 young (6144K), 6 survivors (6144K)
 Metaspace       used 56452K, committed 58112K, reserved 1114112K
  class space    used 7992K, committed 8768K, reserved 1048576K
}
Event: 5.239 GC heap before
{Heap before GC invocations=12 (full 0):
 garbage-first heap   total 89088K, used 77425K [0x0000000080000000, 0x0000000100000000)
  region size 1024K, 41 young (41984K), 6 survivors (6144K)
 Metaspace       used 58307K, committed 59968K, reserved 1114112K
  class space    used 8293K, committed 9088K, reserved 1048576K
}
Event: 5.241 GC heap after
{Heap after GC invocations=13 (full 0):
 garbage-first heap   total 89088K, used 43167K [0x0000000080000000, 0x0000000100000000)
  region size 1024K, 2 young (2048K), 2 survivors (2048K)
 Metaspace       used 58307K, committed 59968K, reserved 1114112K
  class space    used 8293K, committed 9088K, reserved 1048576K
}
Event: 5.260 GC heap before
{Heap before GC invocations=13 (full 0):
 garbage-first heap   total 89088K, used 44191K [0x0000000080000000, 0x0000000100000000)
  region size 1024K, 4 young (4096K), 2 survivors (2048K)
 Metaspace       used 58532K, committed 60160K, reserved 1114112K
  class space    used 8328K, committed 9088K, reserved 1048576K
}
Event: 5.262 GC heap after
{Heap after GC invocations=14 (full 0):
 garbage-first heap   total 107520K, used 42984K [0x0000000080000000, 0x0000000100000000)
  region size 1024K, 2 young (2048K), 2 survivors (2048K)
 Metaspace       used 58532K, committed 60160K, reserved 1114112K
  class space    used 8328K, committed 9088K, reserved 1048576K
}
Event: 5.923 GC heap before
{Heap before GC invocations=15 (full 0):
 garbage-first heap   total 107520K, used 96232K [0x0000000080000000, 0x0000000100000000)
  region size 1024K, 54 young (55296K), 2 survivors (2048K)
 Metaspace       used 65583K, committed 67328K, reserved 1114112K
  class space    used 9387K, committed 10176K, reserved 1048576K
}
Event: 5.926 GC heap after
{Heap after GC invocations=16 (full 0):
 garbage-first heap   total 107520K, used 45512K [0x0000000080000000, 0x0000000100000000)
  region size 1024K, 4 young (4096K), 4 survivors (4096K)
 Metaspace       used 65583K, committed 67328K, reserved 1114112K
  class space    used 9387K, committed 10176K, reserved 1048576K
}

Dll operation events (3 events):
Event: 0.007 Loaded shared library F:\AndroidStudio\jbr\bin\java.dll
Event: 0.011 Loaded shared library F:\AndroidStudio\jbr\bin\zip.dll
Event: 0.429 Loaded shared library F:\AndroidStudio\jbr\bin\verify.dll

Deoptimization events (20 events):
Event: 6.217 Thread 0x0000023cdec5ace0 DEOPT PACKING pc=0x0000023ccb81fb0c sp=0x00000040737f8900
Event: 6.217 Thread 0x0000023cdec5ace0 DEOPT UNPACKING pc=0x0000023ccae67da2 sp=0x00000040737f88b8 mode 2
Event: 6.218 Thread 0x0000023cdec5ace0 Uncommon trap: trap_request=0xffffff45 fr.pc=0x0000023ccb613428 relative=0x0000000000000108
Event: 6.218 Thread 0x0000023cdec5ace0 Uncommon trap: reason=unstable_if action=reinterpret pc=0x0000023ccb613428 method=org.objectweb.asm.ByteVector.putShort(I)Lorg/objectweb/asm/ByteVector; @ 13 c2
Event: 6.218 Thread 0x0000023cdec5ace0 DEOPT PACKING pc=0x0000023ccb613428 sp=0x00000040737f8870
Event: 6.218 Thread 0x0000023cdec5ace0 DEOPT UNPACKING pc=0x0000023ccae67da2 sp=0x00000040737f8808 mode 2
Event: 6.235 Thread 0x0000023cdec5ace0 Uncommon trap: trap_request=0xffffffd6 fr.pc=0x0000023ccb6d1b6c relative=0x00000000000003ac
Event: 6.235 Thread 0x0000023cdec5ace0 Uncommon trap: reason=array_check action=maybe_recompile pc=0x0000023ccb6d1b6c method=java.util.LinkedHashMap.keysToArray([Ljava/lang/Object;Z)[Ljava/lang/Object; @ 67 c2
Event: 6.235 Thread 0x0000023cdec5ace0 DEOPT PACKING pc=0x0000023ccb6d1b6c sp=0x00000040737f7810
Event: 6.235 Thread 0x0000023cdec5ace0 DEOPT UNPACKING pc=0x0000023ccae67da2 sp=0x00000040737f77b0 mode 2
Event: 6.241 Thread 0x0000023cdec5ace0 DEOPT PACKING pc=0x0000023cc3ee17a1 sp=0x00000040737f93d0
Event: 6.241 Thread 0x0000023cdec5ace0 DEOPT UNPACKING pc=0x0000023ccae688e2 sp=0x00000040737f88d0 mode 0
Event: 6.269 Thread 0x0000023cdec5ace0 Uncommon trap: trap_request=0xffffffd6 fr.pc=0x0000023ccb6d1b6c relative=0x00000000000003ac
Event: 6.269 Thread 0x0000023cdec5ace0 Uncommon trap: reason=array_check action=maybe_recompile pc=0x0000023ccb6d1b6c method=java.util.LinkedHashMap.keysToArray([Ljava/lang/Object;Z)[Ljava/lang/Object; @ 67 c2
Event: 6.269 Thread 0x0000023cdec5ace0 DEOPT PACKING pc=0x0000023ccb6d1b6c sp=0x00000040737f4f70
Event: 6.269 Thread 0x0000023cdec5ace0 DEOPT UNPACKING pc=0x0000023ccae67da2 sp=0x00000040737f4f10 mode 2
Event: 6.272 Thread 0x0000023cdec5ace0 Uncommon trap: trap_request=0xffffffd6 fr.pc=0x0000023ccb6d1b6c relative=0x00000000000003ac
Event: 6.272 Thread 0x0000023cdec5ace0 Uncommon trap: reason=array_check action=maybe_recompile pc=0x0000023ccb6d1b6c method=java.util.LinkedHashMap.keysToArray([Ljava/lang/Object;Z)[Ljava/lang/Object; @ 67 c2
Event: 6.272 Thread 0x0000023cdec5ace0 DEOPT PACKING pc=0x0000023ccb6d1b6c sp=0x00000040737f4f70
Event: 6.272 Thread 0x0000023cdec5ace0 DEOPT UNPACKING pc=0x0000023ccae67da2 sp=0x00000040737f4f10 mode 2

Classes loaded (20 events):
Event: 6.097 Loading class java/io/ObjectStreamClass$MemberSignature
Event: 6.097 Loading class java/io/ObjectStreamClass$MemberSignature done
Event: 6.097 Loading class java/io/ObjectStreamClass$3
Event: 6.097 Loading class java/io/ObjectStreamClass$3 done
Event: 6.097 Loading class java/io/ObjectStreamClass$4
Event: 6.097 Loading class java/io/ObjectStreamClass$4 done
Event: 6.097 Loading class java/io/ObjectStreamClass$5
Event: 6.097 Loading class java/io/ObjectStreamClass$5 done
Event: 6.097 Loading class java/io/ObjectStreamClass$ClassDataSlot
Event: 6.097 Loading class java/io/ObjectStreamClass$ClassDataSlot done
Event: 6.101 Loading class java/io/SerialCallbackContext
Event: 6.101 Loading class java/io/SerialCallbackContext done
Event: 6.152 Loading class java/lang/invoke/SerializedLambda$1
Event: 6.152 Loading class java/lang/invoke/SerializedLambda$1 done
Event: 6.194 Loading class java/util/function/LongUnaryOperator
Event: 6.194 Loading class java/util/function/LongUnaryOperator done
Event: 6.204 Loading class java/util/TreeMap$KeySpliterator
Event: 6.204 Loading class java/util/TreeMap$TreeMapSpliterator
Event: 6.204 Loading class java/util/TreeMap$TreeMapSpliterator done
Event: 6.204 Loading class java/util/TreeMap$KeySpliterator done

Classes unloaded (0 events):
No events

Classes redefined (0 events):
No events

Internal exceptions (20 events):
Event: 6.076 Thread 0x0000023cdec5ace0 Exception <a 'java/lang/NoSuchMethodError'{0x000000008512ba70}: 'void java.lang.invoke.DelegatingMethodHandle$Holder.reinvoke_L(java.lang.Object, java.lang.Object, int)'> (0x000000008512ba70) 
thrown [s\src\hotspot\share\interpreter\linkResolver.cpp, line 784]
Event: 6.077 Thread 0x0000023cdec5ace0 Exception <a 'java/lang/NoSuchMethodError'{0x0000000085133088}: 'int java.lang.invoke.Invokers$Holder.invokeExact_MT(java.lang.Object, java.lang.Object, java.lang.Object)'> (0x0000000085133088) 
thrown [s\src\hotspot\share\interpreter\linkResolver.cpp, line 784]
Event: 6.080 Thread 0x0000023cdec5ace0 Exception <a 'java/lang/NoSuchMethodError'{0x00000000851612a8}: 'void java.lang.invoke.DelegatingMethodHandle$Holder.reinvoke_L(java.lang.Object, java.lang.Object, long)'> (0x00000000851612a8) 
thrown [s\src\hotspot\share\interpreter\linkResolver.cpp, line 784]
Event: 6.080 Thread 0x0000023cdec5ace0 Exception <a 'java/lang/NoSuchMethodError'{0x0000000085168828}: 'long java.lang.invoke.Invokers$Holder.invokeExact_MT(java.lang.Object, java.lang.Object, java.lang.Object)'> (0x0000000085168828) 
thrown [s\src\hotspot\share\interpreter\linkResolver.cpp, line 784]
Event: 6.097 Thread 0x0000023cdec5e160 Exception <a 'java/lang/NoSuchMethodError'{0x0000000084f1d948}: static Lorg/gradle/internal/build/event/types/DefaultOperationStartedProgressEvent;.<clinit>()V> (0x0000000084f1d948) 
thrown [s\src\hotspot\share\prims\jni.cpp, line 1144]
Event: 6.097 Thread 0x0000023cdec5e160 Exception <a 'java/lang/NoSuchMethodError'{0x0000000084f20730}: static Lorg/gradle/internal/build/event/types/AbstractProgressEvent;.<clinit>()V> (0x0000000084f20730) 
thrown [s\src\hotspot\share\prims\jni.cpp, line 1144]
Event: 6.098 Thread 0x0000023cdec5e160 Exception <a 'java/lang/NoSuchMethodError'{0x0000000084f33970}: static Lorg/gradle/internal/build/event/types/DefaultProjectConfigurationDescriptor;.<clinit>()V> (0x0000000084f33970) 
thrown [s\src\hotspot\share\prims\jni.cpp, line 1144]
Event: 6.098 Thread 0x0000023cdec5e160 Exception <a 'java/lang/NoSuchMethodError'{0x0000000084f36068}: static Lorg/gradle/internal/build/event/types/DefaultOperationDescriptor;.<clinit>()V> (0x0000000084f36068) 
thrown [s\src\hotspot\share\prims\jni.cpp, line 1144]
Event: 6.099 Thread 0x0000023cdec5e160 Exception <a 'java/lang/NoSuchMethodError'{0x0000000084f39b78}: 'long java.lang.invoke.DirectMethodHandle$Holder.invokeSpecial(java.lang.Object, java.lang.Object)'> (0x0000000084f39b78) 
thrown [s\src\hotspot\share\interpreter\linkResolver.cpp, line 784]
Event: 6.099 Thread 0x0000023cdec5e160 Exception <a 'java/lang/NoSuchMethodError'{0x0000000084f3d418}: 'long java.lang.invoke.Invokers$Holder.invokeExact_MT(java.lang.Object, java.lang.Object)'> (0x0000000084f3d418) 
thrown [s\src\hotspot\share\interpreter\linkResolver.cpp, line 784]
Event: 6.100 Thread 0x0000023cdec5e160 Exception <a 'java/lang/NoSuchMethodError'{0x0000000084fda980}: static Lorg/gradle/internal/operations/OperationIdentifier;.<clinit>()V> (0x0000000084fda980) 
thrown [s\src\hotspot\share\prims\jni.cpp, line 1144]
Event: 6.143 Thread 0x0000023cdec5ace0 Exception <a 'java/lang/NoSuchMethodError'{0x0000000084ee4868}: 'void java.lang.invoke.Invokers$Holder.invokeExact_MT(java.lang.Object, java.lang.Object, java.lang.Object, java.lang.Object)'> (0x0000000084ee4868) 
thrown [s\src\hotspot\share\interpreter\linkResolver.cpp, line 784]
Event: 6.146 Thread 0x0000023cdec5ace0 Exception <a 'java/lang/ClassNotFoundException'{0x0000000084d2f500}: org/gradle/internal/serialize/codecs/core/ClosureCodec$BrokenScriptBeanInfo> (0x0000000084d2f500) 
thrown [s\src\hotspot\share\classfile\systemDictionary.cpp, line 312]
Event: 6.146 Thread 0x0000023cdec5ace0 Exception <a 'java/lang/ClassNotFoundException'{0x0000000084d3ead8}: org/gradle/internal/serialize/codecs/core/ClosureCodec$BrokenScriptCustomizer> (0x0000000084d3ead8) 
thrown [s\src\hotspot\share\classfile\systemDictionary.cpp, line 312]
Event: 6.148 Thread 0x0000023cdec5ace0 Exception <a 'java/lang/ClassNotFoundException'{0x0000000084d66bb8}: org/gradle/api/invocation/GradleBeanInfo> (0x0000000084d66bb8) 
thrown [s\src\hotspot\share\classfile\systemDictionary.cpp, line 312]
Event: 6.148 Thread 0x0000023cdec5ace0 Exception <a 'java/lang/ClassNotFoundException'{0x0000000084d732c8}: org/gradle/api/invocation/GradleCustomizer> (0x0000000084d732c8) 
thrown [s\src\hotspot\share\classfile\systemDictionary.cpp, line 312]
Event: 6.150 Thread 0x0000023cdec5ace0 Exception <a 'java/lang/NoSuchMethodError'{0x0000000084d9a3e8}: 'void java.lang.invoke.Invokers$Holder.invokeExact_MT(java.lang.Object, java.lang.Object, int, java.lang.Object)'> (0x0000000084d9a3e8) 
thrown [s\src\hotspot\share\interpreter\linkResolver.cpp, line 784]
Event: 6.153 Thread 0x0000023cdec5ace0 Exception <a 'java/lang/NoSuchMethodError'{0x0000000084dce9b0}: 'void java.lang.invoke.Invokers$Holder.invokeExact_MT(java.lang.Object, java.lang.Object, long, java.lang.Object)'> (0x0000000084dce9b0) 
thrown [s\src\hotspot\share\interpreter\linkResolver.cpp, line 784]
Event: 6.194 Thread 0x0000023cdec5ace0 Exception <a 'java/lang/NoSuchMethodError'{0x000000008494e350}: 'long java.lang.invoke.DirectMethodHandle$Holder.invokeStatic(java.lang.Object, long)'> (0x000000008494e350) 
thrown [s\src\hotspot\share\interpreter\linkResolver.cpp, line 784]
Event: 6.217 Thread 0x0000023cdec5ace0 Implicit null exception at 0x0000023ccb81f7c3 to 0x0000023ccb81fb00

ZGC Phase Switch (0 events):
No events

VM Operations (20 events):
Event: 5.237 Executing VM operation: HandshakeAllThreads (Deoptimize)
Event: 5.237 Executing VM operation: HandshakeAllThreads (Deoptimize) done
Event: 5.239 Executing VM operation: G1CollectForAllocation (G1 Evacuation Pause)
Event: 5.241 Executing VM operation: G1CollectForAllocation (G1 Evacuation Pause) done
Event: 5.260 Executing VM operation: CollectForMetadataAllocation (Metadata GC Threshold)
Event: 5.262 Executing VM operation: CollectForMetadataAllocation (Metadata GC Threshold) done
Event: 5.277 Executing VM operation: G1PauseRemark
Event: 5.280 Executing VM operation: G1PauseRemark done
Event: 5.284 Executing VM operation: G1PauseCleanup
Event: 5.285 Executing VM operation: G1PauseCleanup done
Event: 5.292 Executing VM operation: HandshakeAllThreads (Deoptimize)
Event: 5.292 Executing VM operation: HandshakeAllThreads (Deoptimize) done
Event: 5.828 Executing VM operation: ICBufferFull
Event: 5.828 Executing VM operation: ICBufferFull done
Event: 5.923 Executing VM operation: G1CollectForAllocation (G1 Evacuation Pause)
Event: 5.926 Executing VM operation: G1CollectForAllocation (G1 Evacuation Pause) done
Event: 6.023 Executing VM operation: HandshakeAllThreads (Deoptimize)
Event: 6.023 Executing VM operation: HandshakeAllThreads (Deoptimize) done
Event: 6.336 Executing VM operation: ICBufferFull
Event: 6.337 Executing VM operation: ICBufferFull done

Memory protections (0 events):
No events

Nmethod flushes (20 events):
Event: 5.279 Thread 0x0000023cd8aded10 flushing  nmethod 0x0000023cc3b7d490
Event: 5.279 Thread 0x0000023cd8aded10 flushing  nmethod 0x0000023cc3b7dd10
Event: 5.279 Thread 0x0000023cd8aded10 flushing  nmethod 0x0000023cc3b7f010
Event: 5.279 Thread 0x0000023cd8aded10 flushing  nmethod 0x0000023cc3bf0190
Event: 5.279 Thread 0x0000023cd8aded10 flushing  nmethod 0x0000023cc3bf1190
Event: 5.279 Thread 0x0000023cd8aded10 flushing  nmethod 0x0000023cc3c52390
Event: 5.279 Thread 0x0000023cd8aded10 flushing  nmethod 0x0000023cc3c55b10
Event: 5.279 Thread 0x0000023cd8aded10 flushing  nmethod 0x0000023cc3cdfc10
Event: 5.279 Thread 0x0000023cd8aded10 flushing  nmethod 0x0000023cc3ce1410
Event: 5.279 Thread 0x0000023cd8aded10 flushing  nmethod 0x0000023cc3ce2a10
Event: 5.279 Thread 0x0000023cd8aded10 flushing  nmethod 0x0000023cc3e93d10
Event: 5.279 Thread 0x0000023cd8aded10 flushing  nmethod 0x0000023ccb633290
Event: 5.279 Thread 0x0000023cd8aded10 flushing  nmethod 0x0000023cc39ed990
Event: 5.279 Thread 0x0000023cd8aded10 flushing  nmethod 0x0000023cc3a5bd90
Event: 5.279 Thread 0x0000023cd8aded10 flushing  nmethod 0x0000023cc3b01410
Event: 5.279 Thread 0x0000023cd8aded10 flushing  nmethod 0x0000023cc3b83b10
Event: 5.279 Thread 0x0000023cd8aded10 flushing  nmethod 0x0000023cc3be7110
Event: 5.279 Thread 0x0000023cd8aded10 flushing  nmethod 0x0000023cc3eac290
Event: 5.279 Thread 0x0000023cd8aded10 flushing  nmethod 0x0000023cc3eac890
Event: 5.279 Thread 0x0000023cd8aded10 flushing  nmethod 0x0000023cc3f61010

Events (20 events):
Event: 4.629 Thread 0x0000023cdec5ace0 Thread added: 0x0000023cdf419f60
Event: 4.630 Thread 0x0000023cdec5ace0 Thread added: 0x0000023cdf41b9a0
Event: 4.630 Thread 0x0000023cdec5ace0 Thread added: 0x0000023cdf4198d0
Event: 4.630 Thread 0x0000023cdec5ace0 Thread added: 0x0000023cdf41a5f0
Event: 4.701 Thread 0x0000023cdec5ace0 Thread added: 0x0000023cdf41b310
Event: 4.769 Thread 0x0000023cdec5ace0 Thread added: 0x0000023cdf418520
Event: 4.806 Thread 0x0000023cdec5ace0 Thread added: 0x0000023cdf41ac80
Event: 4.807 Thread 0x0000023cdec5ace0 Thread added: 0x0000023cdf41c030
Event: 4.807 Thread 0x0000023cdec5ace0 Thread added: 0x0000023cdf418bb0
Event: 4.808 Thread 0x0000023cdec5ace0 Thread added: 0x0000023cdf41c6c0
Event: 4.808 Thread 0x0000023cdec5ace0 Thread added: 0x0000023cdf419240
Event: 4.824 Thread 0x0000023cdec5ace0 Thread added: 0x0000023cdf41e100
Event: 4.845 Thread 0x0000023cdec5ace0 Thread added: 0x0000023cdf41fb40
Event: 4.854 Thread 0x0000023cdec5ace0 Thread added: 0x0000023cdf41ee20
Event: 5.314 Thread 0x0000023cdec5ace0 Thread added: 0x0000023cdf41f4b0
Event: 5.324 Thread 0x0000023cdec5ace0 Thread added: 0x0000023cdf41d3e0
Event: 5.331 Thread 0x0000023cdec5ace0 Thread added: 0x0000023cdf41cd50
Event: 5.657 Thread 0x0000023cde0a64e0 Thread exited: 0x0000023cde0a64e0
Event: 6.075 Thread 0x0000023cde0a7950 Thread exited: 0x0000023cde0a7950
Event: 6.282 Thread 0x0000023cd8b84160 Thread added: 0x0000023cde0a7950


Dynamic libraries:
0x00007ff79ee40000 - 0x00007ff79ee4a000 	F:\AndroidStudio\jbr\bin\java.exe
0x00007ffb5a5c0000 - 0x00007ffb5a827000 	C:\WINDOWS\SYSTEM32\ntdll.dll
0x00007ffb58f80000 - 0x00007ffb59049000 	C:\WINDOWS\System32\KERNEL32.DLL
0x00007ffb572c0000 - 0x00007ffb576b7000 	C:\WINDOWS\System32\KERNELBASE.dll
0x00007ffb578d0000 - 0x00007ffb57a1b000 	C:\WINDOWS\System32\ucrtbase.dll
0x00007ffb4f4e0000 - 0x00007ffb4f4fb000 	F:\AndroidStudio\jbr\bin\VCRUNTIME140.dll
0x00007ffb3c130000 - 0x00007ffb3c148000 	F:\AndroidStudio\jbr\bin\jli.dll
0x00007ffb59360000 - 0x00007ffb59526000 	C:\WINDOWS\System32\USER32.dll
0x00007ffb425f0000 - 0x00007ffb42882000 	C:\WINDOWS\WinSxS\amd64_microsoft.windows.common-controls_6595b64144ccf1df_6.0.26100.8457_none_3e0b2faee331e92d\COMCTL32.dll
0x00007ffb56ff0000 - 0x00007ffb57017000 	C:\WINDOWS\System32\win32u.dll
0x00007ffb59740000 - 0x00007ffb597e9000 	C:\WINDOWS\System32\msvcrt.dll
0x00007ffb59270000 - 0x00007ffb5929b000 	C:\WINDOWS\System32\GDI32.dll
0x00007ffb57020000 - 0x00007ffb5714c000 	C:\WINDOWS\System32\gdi32full.dll
0x00007ffb57210000 - 0x00007ffb572b3000 	C:\WINDOWS\System32\msvcp_win.dll
0x00007ffb592a0000 - 0x00007ffb592d2000 	C:\WINDOWS\System32\IMM32.DLL
0x00007ffb505f0000 - 0x00007ffb505fc000 	F:\AndroidStudio\jbr\bin\vcruntime140_1.dll
0x00007ffaf2db0000 - 0x00007ffaf2e3d000 	F:\AndroidStudio\jbr\bin\msvcp140.dll
0x00007ffa92970000 - 0x00007ffa93606000 	F:\AndroidStudio\jbr\bin\server\jvm.dll
0x00007ffb58340000 - 0x00007ffb583f6000 	C:\WINDOWS\System32\ADVAPI32.dll
0x00007ffb58ed0000 - 0x00007ffb58f77000 	C:\WINDOWS\System32\sechost.dll
0x00007ffb58db0000 - 0x00007ffb58ec8000 	C:\WINDOWS\System32\RPCRT4.dll
0x00007ffb59150000 - 0x00007ffb591d0000 	C:\WINDOWS\System32\WS2_32.dll
0x00007ffb56e50000 - 0x00007ffb56eae000 	C:\WINDOWS\SYSTEM32\POWRPROF.dll
0x00007ffb4feb0000 - 0x00007ffb4febb000 	C:\WINDOWS\SYSTEM32\VERSION.dll
0x00007ffb49240000 - 0x00007ffb49276000 	C:\WINDOWS\SYSTEM32\WINMM.dll
0x00007ffb56e30000 - 0x00007ffb56e44000 	C:\WINDOWS\SYSTEM32\UMPDC.dll
0x00007ffb55d80000 - 0x00007ffb55d9b000 	C:\WINDOWS\SYSTEM32\kernel.appcore.dll
0x00007ffb4f4d0000 - 0x00007ffb4f4da000 	F:\AndroidStudio\jbr\bin\jimage.dll
0x00007ffb54c10000 - 0x00007ffb54e52000 	C:\WINDOWS\SYSTEM32\DBGHELP.DLL
0x00007ffb587c0000 - 0x00007ffb58b43000 	C:\WINDOWS\System32\combase.dll
0x00007ffb58620000 - 0x00007ffb586f9000 	C:\WINDOWS\System32\OLEAUT32.dll
0x00007ffb3c8e0000 - 0x00007ffb3c91b000 	C:\WINDOWS\SYSTEM32\dbgcore.DLL
0x00007ffb58290000 - 0x00007ffb58338000 	C:\WINDOWS\System32\bcryptPrimitives.dll
0x00007ffb32ce0000 - 0x00007ffb32cee000 	F:\AndroidStudio\jbr\bin\instrument.dll
0x00007ffb31bc0000 - 0x00007ffb31be0000 	F:\AndroidStudio\jbr\bin\java.dll
0x00007ffb31ba0000 - 0x00007ffb31bb8000 	F:\AndroidStudio\jbr\bin\zip.dll
0x00007ffb59800000 - 0x00007ffb59f6e000 	C:\WINDOWS\System32\SHELL32.dll
0x00007ffb57a20000 - 0x00007ffb5828c000 	C:\WINDOWS\System32\windows.storage.dll
0x00007ffb584c0000 - 0x00007ffb585b6000 	C:\WINDOWS\System32\SHCORE.dll
0x00007ffb596d0000 - 0x00007ffb59736000 	C:\WINDOWS\System32\shlwapi.dll
0x00007ffb56f10000 - 0x00007ffb56f39000 	C:\WINDOWS\SYSTEM32\profapi.dll
0x00007ffb48fc0000 - 0x00007ffb48fd0000 	F:\AndroidStudio\jbr\bin\net.dll
0x00007ffb504c0000 - 0x00007ffb505e9000 	C:\WINDOWS\SYSTEM32\WINHTTP.dll
0x00007ffb562f0000 - 0x00007ffb5635c000 	C:\WINDOWS\system32\mswsock.dll
0x00007ffb1b4c0000 - 0x00007ffb1b4d6000 	F:\AndroidStudio\jbr\bin\nio.dll
0x00007ffb45510000 - 0x00007ffb45520000 	F:\AndroidStudio\jbr\bin\verify.dll
0x00007ffb245b0000 - 0x00007ffb245d7000 	C:\Users\Admin\.gradle\native\660c5614fbf4a5f2a75b1949f50a0caf5cd603558e7d8a26e50b933a0cfb79d1\windows-amd64\native-platform.dll
0x00007ffaf2d30000 - 0x00007ffaf2da7000 	C:\Users\Admin\.gradle\native\0.2.8\x86_64-windows-gnu\gradle-fileevents.dll
0x00007ffb46f30000 - 0x00007ffb46f39000 	F:\AndroidStudio\jbr\bin\management.dll
0x00007ffb45550000 - 0x00007ffb4555b000 	F:\AndroidStudio\jbr\bin\management_ext.dll
0x00007ffb597f0000 - 0x00007ffb597f8000 	C:\WINDOWS\System32\PSAPI.DLL
0x00007ffb55800000 - 0x00007ffb55832000 	C:\WINDOWS\SYSTEM32\IPHLPAPI.DLL
0x00007ffb5a570000 - 0x00007ffb5a57a000 	C:\WINDOWS\System32\NSI.dll
0x00007ffb46fe0000 - 0x00007ffb46fe9000 	F:\AndroidStudio\jbr\bin\extnet.dll
0x00007ffb565e0000 - 0x00007ffb565fb000 	C:\WINDOWS\SYSTEM32\CRYPTSP.dll
0x00007ffb55ce0000 - 0x00007ffb55d19000 	C:\WINDOWS\system32\rsaenh.dll
0x00007ffb563a0000 - 0x00007ffb563d3000 	C:\WINDOWS\SYSTEM32\USERENV.dll
0x00007ffb56ee0000 - 0x00007ffb56f0a000 	C:\WINDOWS\SYSTEM32\bcrypt.dll
0x00007ffb565d0000 - 0x00007ffb565dc000 	C:\WINDOWS\SYSTEM32\CRYPTBASE.dll
0x00007ffb4ea80000 - 0x00007ffb4ea88000 	C:\WINDOWS\system32\wshunix.dll

JVMTI agents:
C:\Users\Admin\.gradle\wrapper\dists\gradle-9.2.1-bin\2t0n5ozlw9xmuyvbp7dnzaxug\gradle-9.2.1\lib\agents\gradle-instrumentation-agent-9.2.1.jar path:F:\AndroidStudio\jbr\bin\instrument.dll, loaded, initialized, instrumentlib options:none

dbghelp: loaded successfully - version: 4.0.5 - missing functions: none
symbol engine: initialized successfully - sym options: 0x614 - pdb path: .;F:\AndroidStudio\jbr\bin;C:\WINDOWS\SYSTEM32;C:\WINDOWS\WinSxS\amd64_microsoft.windows.common-controls_6595b64144ccf1df_6.0.26100.8457_none_3e0b2faee331e92d;F:\AndroidStudio\jbr\bin\server;C:\Users\Admin\.gradle\native\660c5614fbf4a5f2a75b1949f50a0caf5cd603558e7d8a26e50b933a0cfb79d1\windows-amd64;C:\Users\Admin\.gradle\native\0.2.8\x86_64-windows-gnu

VM Arguments:
jvm_args: --add-opens=java.base/java.lang=ALL-UNNAMED --add-opens=java.base/java.lang.invoke=ALL-UNNAMED --add-opens=java.base/java.util=ALL-UNNAMED --add-opens=java.prefs/java.util.prefs=ALL-UNNAMED --add-exports=jdk.compiler/com.sun.tools.javac.api=ALL-UNNAMED --add-exports=jdk.compiler/com.sun.tools.javac.util=ALL-UNNAMED --add-opens=java.base/java.util=ALL-UNNAMED --add-opens=java.prefs/java.util.prefs=ALL-UNNAMED --add-opens=java.base/java.nio.charset=ALL-UNNAMED --add-opens=java.base/java.net=ALL-UNNAMED --add-opens=java.base/java.util.concurrent=ALL-UNNAMED --add-opens=java.base/java.util.concurrent.atomic=ALL-UNNAMED --add-opens=java.xml/javax.xml.namespace=ALL-UNNAMED --add-opens=java.base/java.time=ALL-UNNAMED -Xmx2048m -Dfile.encoding=UTF-8 -Duser.country=US -Duser.language=en -Duser.variant -javaagent:C:\Users\Admin\.gradle\wrapper\dists\gradle-9.2.1-bin\2t0n5ozlw9xmuyvbp7dnzaxug\gradle-9.2.1\lib\agents\gradle-instrumentation-agent-9.2.1.jar 
java_command: org.gradle.launcher.daemon.bootstrap.GradleDaemon 9.2.1
java_class_path (initial): C:\Users\Admin\.gradle\wrapper\dists\gradle-9.2.1-bin\2t0n5ozlw9xmuyvbp7dnzaxug\gradle-9.2.1\lib\gradle-daemon-main-9.2.1.jar
Launcher Type: SUN_STANDARD

[Global flags]
     intx CICompilerCount                          = 12                                        {product} {ergonomic}
     uint ConcGCThreads                            = 3                                         {product} {ergonomic}
     uint G1ConcRefinementThreads                  = 13                                        {product} {ergonomic}
   size_t G1HeapRegionSize                         = 1048576                                   {product} {ergonomic}
    uintx GCDrainStackTargetSize                   = 64                                        {product} {ergonomic}
   size_t InitialHeapSize                          = 255852544                                 {product} {ergonomic}
   size_t MarkStackSize                            = 4194304                                   {product} {ergonomic}
   size_t MaxHeapSize                              = 2147483648                                {product} {command line}
   size_t MaxNewSize                               = 1287651328                                {product} {ergonomic}
   size_t MinHeapDeltaBytes                        = 1048576                                   {product} {ergonomic}
   size_t MinHeapSize                              = 8388608                                   {product} {ergonomic}
    uintx NonNMethodCodeHeapSize                   = 7602480                                {pd product} {ergonomic}
    uintx NonProfiledCodeHeapSize                  = 122027880                              {pd product} {ergonomic}
    uintx ProfiledCodeHeapSize                     = 122027880                              {pd product} {ergonomic}
    uintx ReservedCodeCacheSize                    = 251658240                              {pd product} {ergonomic}
     bool SegmentedCodeCache                       = true                                      {product} {ergonomic}
   size_t SoftMaxHeapSize                          = 2147483648                             {manageable} {ergonomic}
     bool UseCompressedOops                        = true                           {product lp64_product} {ergonomic}
     bool UseG1GC                                  = true                                      {product} {ergonomic}
     bool UseLargePagesIndividualAllocation        = false                                  {pd product} {ergonomic}

Logging:
Log output configuration:
 #0: stdout all=warning uptime,level,tags foldmultilines=false
 #1: stderr all=off uptime,level,tags foldmultilines=false

Environment Variables:
JAVA_HOME=C:\Program Files\Java\jdk-21
PATH=C:\Python314\Scripts\;C:\Python314\;C:\Program Files\Common Files\Oracle\Java\javapath;C:\Windows\system32;C:\Windows;C:\Windows\System32\Wbem;C:\Windows\System32\WindowsPowerShell\v1.0\;C:\Windows\System32\OpenSSH\;C:\ProgramData\chocolatey\bin;C:\Program Files\NVIDIA Corporation\NVIDIA NvDLISR;C:\Users\Admin\AppData\Local\Microsoft\WindowsApps;C:\adb;C:\Program Files\dotnet\;C:\Program Files (x86)\NVIDIA Corporation\PhysX\Common;C:\Program Files\Git\cmd;C:\Program Files (x86)\Microsoft SQL Server\160\Tools\Binn\;C:\Program Files\Microsoft SQL Server\160\Tools\Binn\;C:\Program Files\Microsoft SQL Server\Client SDK\ODBC\170\Tools\Binn\;C:\Program Files\Microsoft SQL Server\160\DTS\Binn\;C:\Program Files (x86)\Microsoft SQL Server\160\DTS\Binn\;C:\WINDOWS\system32;C:\WINDOWS;C:\WINDOWS\System32\Wbem;C:\WINDOWS\System32\WindowsPowerShell\v1.0\;C:\WINDOWS\System32\OpenSSH\;c:\Users\Admin\AppData\Local\Programs\cursor\resources\app\bin;C:\Program Files\Java\jdk-25\bin;C:\Program Files\Docker\Docker\resources\bin;F:\;C:\ProgramData\chocolatey\lib\maven\apache-maven-3.9.11\bin;C:\Program Files\nodejs\;C:\Program Files\Java\jdk-21\bin;C:\Program Files\Microsoft SQL Server\170\Tools\Binn\;C:\Users\Admin\.local\bin;C:\Users\Admin\develop\flutter\bin;C:\Program Files\Java\jdk-21\bin;C:\Users\Admin\AppData\Local\Microsoft\WindowsApps;C:\Users\Admin\AppData\Local\GitHubDesktop\bin;C:\Users\Admin\AppData\Roaming\npm;C:\Program Files\JetBrains\IntelliJ IDEA Community Edition 2025.2.3\bin;C:\Users\Admin\AppData\Local\Programs\Antigravity\bin;C:\Users\Admin\AppData\Local\Programs\Microsoft VS Code\bin;C:\Users\Admin\.dotnet\tools;F:\code\Kiro\bin
USERNAME=Admin
OS=Windows_NT
PROCESSOR_IDENTIFIER=AMD64 Family 25 Model 116 Stepping 1, AuthenticAMD
TMP=C:\Users\Admin\AppData\Local\Temp
TEMP=C:\Users\Admin\AppData\Local\Temp




Periodic native trim disabled

JNI global refs:
JNI global refs: 34, weak refs: 5

JNI global refs memory usage: 835, weak refs: 833

Process memory usage:
Resident Set Size: 349592K (2% of 15927668K total physical memory with 1123872K free physical memory)

OOME stack traces (most recent first):
Classloader memory used:
Loader org.gradle.internal.classloader.VisitableURLClassLoader                         : 36455K
Loader bootstrap                                                                       : 22261K
Loader org.gradle.initialization.MixInLegacyTypesClassLoader                           : 10806K
Loader jdk.internal.loader.ClassLoaders$AppClassLoader                                 : 231K
Loader jdk.internal.loader.ClassLoaders$PlatformClassLoader                            : 130K
Loader jdk.internal.reflect.DelegatingClassLoader                                      : 124K
Loader org.gradle.internal.classloader.VisitableURLClassLoader                         : 108K
Loader org.gradle.groovy.scripts.internal.DefaultScriptCompilationHandler$ScriptClassLoader: 106K
Loader org.gradle.internal.classloader.VisitableURLClassLoader$InstrumentingVisitableURLClassLoader: 61672B

Classes loaded by more than one classloader:
Class Program                                                                         : loaded 3 times (x 72B)
Class org.gradle.internal.classloader.FilteringClassLoader                            : loaded 2 times (x 105B)
Class org.gradle.internal.classloader.ClassLoaderHierarchy                            : loaded 2 times (x 70B)
Class org.gradle.api.internal.classpath.ManifestUtil                                  : loaded 2 times (x 71B)
Class org.gradle.internal.classloader.DefaultClassLoaderFactory                       : loaded 2 times (x 82B)
Class org.gradle.internal.classloader.ClassLoaderVisitor                              : loaded 2 times (x 76B)
Class org.gradle.api.internal.classpath.EffectiveClassPath                            : loaded 2 times (x 90B)
Class org.gradle.api.internal.DefaultClassPathProvider                                : loaded 2 times (x 76B)
Class [Lorg.gradle.api.internal.ClassPathProvider;                                    : loaded 2 times (x 69B)
Class org.gradle.api.internal.ClassPathProvider                                       : loaded 2 times (x 70B)
Class org.gradle.internal.service.UnknownServiceException                             : loaded 2 times (x 83B)
Class org.gradle.internal.classpath.TransformedClassPath                              : loaded 2 times (x 96B)
Class org.gradle.internal.classloader.InstrumentingClassLoader                        : loaded 2 times (x 70B)
Class org.gradle.internal.service.ServiceLocator                                      : loaded 2 times (x 70B)
Class org.gradle.internal.classloader.ClasspathUtil$1                                 : loaded 2 times (x 76B)
Class org.gradle.api.internal.classpath.DefaultModuleRegistry$DefaultModule           : loaded 2 times (x 86B)
Class org.gradle.api.internal.classpath.Module                                        : loaded 2 times (x 70B)
Class org.gradle.api.internal.classpath.UnknownModuleException                        : loaded 2 times (x 82B)
Class ijKotlinCoroutineJvmDebugInit1_2edxob47te3k3j1lkm25ffz4                         : loaded 2 times (x 171B)
Class org.gradle.api.internal.DefaultClassPathRegistry                                : loaded 2 times (x 76B)
Class org.gradle.api.internal.ClassPathRegistry                                       : loaded 2 times (x 70B)
Class org.gradle.internal.classpath.DefaultClassPath$ImmutableUniqueList              : loaded 2 times (x 199B)
Class ijKotlinCoroutineJvmDebugInit1_2edxob47te3k3j1lkm25ffz4$_run_closure1$_closure2 : loaded 2 times (x 139B)
Class Settings_gradle$1                                                               : loaded 2 times (x 75B)
Class org.gradle.internal.classpath.ClassPath                                         : loaded 2 times (x 70B)
Class org.gradle.api.internal.classpath.ModuleRegistry                                : loaded 2 times (x 70B)
Class org.gradle.internal.installation.GradleInstallation$1                           : loaded 2 times (x 75B)
Class org.gradle.api.internal.classpath.DefaultModuleRegistry                         : loaded 2 times (x 86B)
Class org.gradle.internal.service.ServiceLookupException                              : loaded 2 times (x 82B)
Class org.gradle.internal.classloader.ClassLoaderFactory                              : loaded 2 times (x 70B)
Class org.gradle.internal.service.CachingServiceLocator                               : loaded 2 times (x 82B)
Class ijJvmDebugger1_6gnha51x1399uf0afb4xb1b8s$_run_closure1                          : loaded 2 times (x 139B)
Class org.gradle.internal.classloader.ClasspathUtil                                   : loaded 2 times (x 71B)
Class org.gradle.api.specs.Spec                                                       : loaded 2 times (x 70B)
Class org.gradle.internal.classloader.VisitableURLClassLoader$InstrumentingVisitableURLClassLoader: loaded 2 times (x 123B)
Class org.gradle.internal.classloader.VisitableURLClassLoader$Spec                    : loaded 2 times (x 74B)
Class org.gradle.internal.classpath.DefaultClassPath                                  : loaded 2 times (x 90B)
Class ijKotlinCoroutineJvmDebugInit1_2edxob47te3k3j1lkm25ffz4$_run_closure1           : loaded 2 times (x 139B)
Class org.gradle.internal.classloader.ClassLoaderSpec                                 : loaded 2 times (x 71B)
Class Settings_gradle$1$1                                                             : loaded 2 times (x 75B)
Class org.gradle.internal.classloader.VisitableURLClassLoader                         : loaded 2 times (x 117B)
Class Settings_gradle                                                                 : loaded 2 times (x 124B)
Class org.gradle.internal.Cast                                                        : loaded 2 times (x 71B)
Class org.gradle.api.Action                                                           : loaded 2 times (x 70B)
Class ijJvmDebugger1_6gnha51x1399uf0afb4xb1b8s                                        : loaded 2 times (x 171B)
Class org.gradle.internal.classpath.DefaultClassPath$ImmutableUniqueList$Builder      : loaded 2 times (x 75B)
Class org.gradle.api.GradleException                                                  : loaded 2 times (x 82B)
Class org.gradle.internal.IoActions                                                   : loaded 2 times (x 71B)
Class org.gradle.internal.classloader.SystemClassLoaderSpec                           : loaded 2 times (x 71B)
Class ijJvmDebugger1_6gnha51x1399uf0afb4xb1b8s$_run_closure1$_closure2                : loaded 2 times (x 140B)
Class org.gradle.api.internal.classpath.GlobalCacheRootsProvider                      : loaded 2 times (x 70B)
Class Settings_gradle$1$1$1                                                           : loaded 2 times (x 75B)
Class org.gradle.internal.installation.CurrentGradleInstallationLocator               : loaded 2 times (x 71B)
Class org.gradle.internal.service.DefaultServiceLocator                               : loaded 2 times (x 83B)
Class org.gradle.internal.installation.CurrentGradleInstallation                      : loaded 2 times (x 73B)
Class org.gradle.util.internal.GUtil                                                  : loaded 2 times (x 71B)
Class org.gradle.internal.installation.GradleInstallation                             : loaded 2 times (x 75B)

---------------  S Y S T E M  ---------------

OS:
 Windows 11 , 64 bit Build 26100 (10.0.26100.8328)
OS uptime: 0 days 2:53 hours
Hyper-V role detected

CPU: total 16 (initial active 16) (16 cores per cpu, 2 threads per core) family 25 model 116 stepping 1 microcode 0xa70410a, cx8, cmov, fxsr, ht, mmx, 3dnowpref, sse, sse2, sse3, ssse3, sse4a, sse4.1, sse4.2, popcnt, lzcnt, tsc, tscinvbit, avx, avx2, aes, erms, clmul, bmi1, bmi2, adx, avx512f, avx512dq, avx512cd, avx512bw, avx512vl, sha, fma, vzeroupper, avx512_vpopcntdq, avx512_vpclmulqdq, avx512_vaes, avx512_vnni, clflush, clflushopt, avx512_vbmi2, avx512_vbmi, hv, rdtscp, rdpid, fsrm, gfni, avx512_bitalg, f16c, cet_ss, avx512_ifma
Processor Information for the first 16 processors :
  Max Mhz: 3801, Current Mhz: 3801, Mhz Limit: 3801

Memory: 4k page, system-wide physical 15554M (1092M free)
TotalPageFile size 46179M (AvailPageFile size 17M)
current process WorkingSet (physical memory assigned to process): 341M, peak: 344M
current process commit charge ("private bytes"): 390M, peak: 394M

vm_info: OpenJDK 64-Bit Server VM (21.0.8+-14196175-b1038.72) for windows-amd64 JRE (21.0.8+-14196175-b1038.72), built on 2025-10-01T10:24:33Z by "builder" with MS VC++ 16.10 / 16.11 (VS2019)

END.
